<?xml version="1.0" encoding="UTF-8"?>
<!-- Generated by org.testng.reporters.JUnitXMLReporter -->
<testsuite ignored="0" hostname="DESKTOP-DC59HOL" failures="4" tests="6" name="login" time="146.032" errors="0" timestamp="2022-11-12T18:37:18 IST">
  <testcase classname="com.inetbanking.testcases.loginpagecases" name="verifyloginfunctionality" time="9.182"/>
  <testcase classname="com.inetbanking.testcases.loginpagecases" name="verifyloginfunctionality" time="5.014">
    <failure type="java.lang.AssertionError" message="expected [true] but found [false]">
      <![CDATA[java.lang.AssertionError: expected [true] but found [false]
at com.inetbanking.testcases.loginpagecases.verifyloginfunctionality(loginpagecases.java:20)
at java.base/java.util.ArrayList.forEach(ArrayList.java:1511)
... Removed 31 stack frames]]>
    </failure>
  </testcase> <!-- verifyloginfunctionality -->
  <testcase classname="com.inetbanking.testcases.loginpagecases" name="verifyloginfunctionality" time="5.894">
    <failure type="java.lang.AssertionError" message="expected [true] but found [false]">
      <![CDATA[java.lang.AssertionError: expected [true] but found [false]
at com.inetbanking.testcases.loginpagecases.verifyloginfunctionality(loginpagecases.java:20)
at java.base/java.util.ArrayList.forEach(ArrayList.java:1511)
... Removed 31 stack frames]]>
    </failure>
  </testcase> <!-- verifyloginfunctionality -->
  <testcase classname="com.inetbanking.testcases.loginpagecases" name="verifyloginfunctionality" time="14.597">
    <failure type="java.lang.AssertionError" message="expected [true] but found [false]">
      <![CDATA[java.lang.AssertionError: expected [true] but found [false]
at com.inetbanking.testcases.loginpagecases.verifyloginfunctionality(loginpagecases.java:20)
at java.base/java.util.ArrayList.forEach(ArrayList.java:1511)
... Removed 31 stack frames]]>
    </failure>
  </testcase> <!-- verifyloginfunctionality -->
  <testcase classname="com.inetbanking.testcases.loginpagecases" name="verifyloginfunctionality" time="6.465">
    <failure type="java.lang.AssertionError" message="expected [true] but found [false]">
      <![CDATA[java.lang.AssertionError: expected [true] but found [false]
at com.inetbanking.testcases.loginpagecases.verifyloginfunctionality(loginpagecases.java:20)
at java.base/java.util.ArrayList.forEach(ArrayList.java:1511)
... Removed 31 stack frames]]>
    </failure>
  </testcase> <!-- verifyloginfunctionality -->
  <testcase classname="com.inetbanking.testcases.loginpagecases" name="verifyloginfunctionality" time="8.64"/>
</testsuite> <!-- login -->
