<?xml version="1.0" encoding="UTF-8"?>
<!-- Generated by org.testng.reporters.JUnitXMLReporter -->
<testsuite ignored="0" hostname="DESKTOP-DC59HOL" failures="4" tests="9" name="Test" time="141.712" errors="0" timestamp="2022-11-23T15:53:18 IST">
  <testcase classname="com.Guru99_banking.testcases.TC_LoginTest_001" name="verifyLoginbtndisp" time="0.278"/>
  <testcase classname="com.Guru99_banking.testcases.TC_LoginTest_001" name="verifyLoginBtnenable" time="4.136"/>
  <testcase classname="com.Guru99_banking.testcases.TC_LoginTest_001" name="verifyloginfunctionality" time="11.017"/>
  <testcase classname="com.Guru99_banking.testcases.TC_LoginTest_001" name="verifyloginfunctionality" time="1.118">
    <failure type="java.lang.AssertionError" message="expected [true] but found [false]">
      <![CDATA[java.lang.AssertionError: expected [true] but found [false]
at com.Guru99_banking.testcases.TC_LoginTest_001.verifyloginfunctionality(TC_LoginTest_001.java:22)
at java.base/java.util.ArrayList.forEach(ArrayList.java:1511)
... Removed 31 stack frames]]>
    </failure>
  </testcase> <!-- verifyloginfunctionality -->
  <testcase classname="com.Guru99_banking.testcases.TC_LoginTest_001" name="verifyloginfunctionality" time="3.573">
    <failure type="java.lang.AssertionError" message="expected [true] but found [false]">
      <![CDATA[java.lang.AssertionError: expected [true] but found [false]
at com.Guru99_banking.testcases.TC_LoginTest_001.verifyloginfunctionality(TC_LoginTest_001.java:22)
at java.base/java.util.ArrayList.forEach(ArrayList.java:1511)
... Removed 31 stack frames]]>
    </failure>
  </testcase> <!-- verifyloginfunctionality -->
  <testcase classname="com.Guru99_banking.testcases.TC_LoginTest_001" name="verifyloginfunctionality" time="3.965">
    <failure type="java.lang.AssertionError" message="expected [true] but found [false]">
      <![CDATA[java.lang.AssertionError: expected [true] but found [false]
at com.Guru99_banking.testcases.TC_LoginTest_001.verifyloginfunctionality(TC_LoginTest_001.java:22)
at java.base/java.util.ArrayList.forEach(ArrayList.java:1511)
... Removed 31 stack frames]]>
    </failure>
  </testcase> <!-- verifyloginfunctionality -->
  <testcase classname="com.Guru99_banking.testcases.TC_LoginTest_001" name="verifyloginfunctionality" time="4.057">
    <failure type="java.lang.AssertionError" message="expected [true] but found [false]">
      <![CDATA[java.lang.AssertionError: expected [true] but found [false]
at com.Guru99_banking.testcases.TC_LoginTest_001.verifyloginfunctionality(TC_LoginTest_001.java:22)
at java.base/java.util.ArrayList.forEach(ArrayList.java:1511)
... Removed 31 stack frames]]>
    </failure>
  </testcase> <!-- verifyloginfunctionality -->
  <testcase classname="com.Guru99_banking.testcases.TC_LoginTest_001" name="verifyloginfunctionality" time="9.444"/>
  <testcase classname="com.Guru99_banking.testcases.TC_LoginTest_001" name="verifyLoginPageSpell" time="0.088"/>
</testsuite> <!-- Test -->
