<!DOCTYPE html PUBLIC "-//W3C//DTD XHTML 1.1//EN" "https://www.w3.org/TR/xhtml11/DTD/xhtml11.dtd">
<html xmlns="https://www.w3.org/1999/xhtml">
<head>
<meta http-equiv="content-type" content="text/html; charset=UTF-8"/>
<title>TestNG Report</title>
<style type="text/css">table {margin-bottom:10px;border-collapse:collapse;empty-cells:show}th,td {border:1px solid #009;padding:.25em .5em}th {vertical-align:bottom}td {vertical-align:top}table a {font-weight:bold}.stripe td {background-color: #E6EBF9}.num {text-align:right}.passedodd td {background-color: #3F3}.passedeven td {background-color: #0A0}.skippedodd td {background-color: #DDD}.skippedeven td {background-color: #CCC}.failedodd td,.attn {background-color: #F33}.failedeven td,.stripe .attn {background-color: #D00}.stacktrace {white-space:pre;font-family:monospace}.totop {font-size:85%;text-align:center;border-bottom:2px solid #000}.invisible {display:none}</style>
</head>
<body>
<table>
<tr><th>Test</th><th># Passed</th><th># Skipped</th><th># Retried</th><th># Failed</th><th>Time (ms)</th><th>Included Groups</th><th>Excluded Groups</th></tr>
<tr><th colspan="8">Suite</th></tr>
<tr><td><a href="#t0">Test</a></td><td class="num">5</td><td class="num">0</td><td class="num">0</td><td class="num attn">4</td><td class="num">141,712</td><td></td><td></td></tr>
</table>
<table id='summary'><thead><tr><th>Class</th><th>Method</th><th>Start</th><th>Time (ms)</th></tr></thead><tbody><tr><th colspan="4">Suite</th></tr></tbody><tbody id="t0"><tr><th colspan="4">Test &#8212; failed</th></tr><tr class="failedeven"><td rowspan="4">com.Guru99_banking.testcases.TC_LoginTest_001</td><td><a href="#m0">verifyloginfunctionality</a></td><td rowspan="4">1669198934016</td><td rowspan="4">3573</td></tr><tr class="failedeven"><td><a href="#m1">verifyloginfunctionality</a></td></tr><tr class="failedeven"><td><a href="#m2">verifyloginfunctionality</a></td></tr><tr class="failedeven"><td><a href="#m3">verifyloginfunctionality</a></td></tr><tr><th colspan="4">Test &#8212; passed</th></tr><tr class="passedeven"><td rowspan="5">com.Guru99_banking.testcases.TC_LoginTest_001</td><td><a href="#m4">verifyLoginBtnenable</a></td><td rowspan="1">1669198884978</td><td rowspan="1">4136</td></tr><tr class="passedeven"><td><a href="#m5">verifyLoginPageSpell</a></td><td rowspan="1">1669198997873</td><td rowspan="1">88</td></tr><tr class="passedeven"><td><a href="#m6">verifyLoginbtndisp</a></td><td rowspan="1">1669198870548</td><td rowspan="1">278</td></tr><tr class="passedeven"><td><a href="#m7">verifyloginfunctionality</a></td><td rowspan="2">1669198900410</td><td rowspan="2">11017</td></tr><tr class="passedeven"><td><a href="#m8">verifyloginfunctionality</a></td></tr></tbody>
</table>
<h2>Test</h2><h3 id="m0">com.Guru99_banking.testcases.TC_LoginTest_001#verifyloginfunctionality</h3><table class="result"><tr class="param"><th>Parameter #1</th><th>Parameter #2</th></tr><tr class="param stripe"><td>mohansai</td><td>mohansao</td></tr><tr><th colspan="2">Exception</th></tr><tr><td colspan="2"><div class="stacktrace">java.lang.AssertionError: expected [true] but found [false]
	at com.Guru99_banking.testcases.TC_LoginTest_001.verifyloginfunctionality(TC_LoginTest_001.java:22)
	at java.base/java.util.ArrayList.forEach(ArrayList.java:1511)
... Removed 31 stack frames</div></td></tr></table><p class="totop"><a href="#summary">back to summary</a></p>
<h3 id="m1">com.Guru99_banking.testcases.TC_LoginTest_001#verifyloginfunctionality</h3><table class="result"><tr class="param"><th>Parameter #1</th><th>Parameter #2</th></tr><tr class="param stripe"><td>bharath</td><td>tAmynEd</td></tr><tr><th colspan="2">Exception</th></tr><tr><td colspan="2"><div class="stacktrace">java.lang.AssertionError: expected [true] but found [false]
	at com.Guru99_banking.testcases.TC_LoginTest_001.verifyloginfunctionality(TC_LoginTest_001.java:22)
	at java.base/java.util.ArrayList.forEach(ArrayList.java:1511)
... Removed 31 stack frames</div></td></tr></table><p class="totop"><a href="#summary">back to summary</a></p>
<h3 id="m2">com.Guru99_banking.testcases.TC_LoginTest_001#verifyloginfunctionality</h3><table class="result"><tr class="param"><th>Parameter #1</th><th>Parameter #2</th></tr><tr class="param stripe"><td>samath264</td><td>mangert489</td></tr><tr><th colspan="2">Exception</th></tr><tr><td colspan="2"><div class="stacktrace">java.lang.AssertionError: expected [true] but found [false]
	at com.Guru99_banking.testcases.TC_LoginTest_001.verifyloginfunctionality(TC_LoginTest_001.java:22)
	at java.base/java.util.ArrayList.forEach(ArrayList.java:1511)
... Removed 31 stack frames</div></td></tr></table><p class="totop"><a href="#summary">back to summary</a></p>
<h3 id="m3">com.Guru99_banking.testcases.TC_LoginTest_001#verifyloginfunctionality</h3><table class="result"><tr class="param"><th>Parameter #1</th><th>Parameter #2</th></tr><tr class="param stripe"><td>mngr454080</td><td>jmahfsdfo</td></tr><tr><th colspan="2">Exception</th></tr><tr><td colspan="2"><div class="stacktrace">java.lang.AssertionError: expected [true] but found [false]
	at com.Guru99_banking.testcases.TC_LoginTest_001.verifyloginfunctionality(TC_LoginTest_001.java:22)
	at java.base/java.util.ArrayList.forEach(ArrayList.java:1511)
... Removed 31 stack frames</div></td></tr></table><p class="totop"><a href="#summary">back to summary</a></p>
<h3 id="m4">com.Guru99_banking.testcases.TC_LoginTest_001#verifyLoginBtnenable</h3><table class="result"><tr><th class="invisible"/></tr></table><p class="totop"><a href="#summary">back to summary</a></p>
<h3 id="m5">com.Guru99_banking.testcases.TC_LoginTest_001#verifyLoginPageSpell</h3><table class="result"><tr><th class="invisible"/></tr></table><p class="totop"><a href="#summary">back to summary</a></p>
<h3 id="m6">com.Guru99_banking.testcases.TC_LoginTest_001#verifyLoginbtndisp</h3><table class="result"><tr><th class="invisible"/></tr></table><p class="totop"><a href="#summary">back to summary</a></p>
<h3 id="m7">com.Guru99_banking.testcases.TC_LoginTest_001#verifyloginfunctionality</h3><table class="result"><tr class="param"><th>Parameter #1</th><th>Parameter #2</th></tr><tr class="param stripe"><td>mngr454080</td><td>tAmynEd</td></tr></table><p class="totop"><a href="#summary">back to summary</a></p>
<h3 id="m8">com.Guru99_banking.testcases.TC_LoginTest_001#verifyloginfunctionality</h3><table class="result"><tr class="param"><th>Parameter #1</th><th>Parameter #2</th></tr><tr class="param stripe"><td>mngr454080</td><td>tAmynEd</td></tr></table><p class="totop"><a href="#summary">back to summary</a></p>
</body>
</html>
