<?xml version="1.0" encoding="UTF-8"?>
<testng-results ignored="0" total="9" passed="5" failed="4" skipped="0">
  <reporter-output>
  </reporter-output>
  <suite started-at="2022-11-23T15:50:56 IST" name="Suite" finished-at="2022-11-23T15:53:18 IST" duration-ms="141712">
    <groups>
      <group name="Regression">
        <method signature="TC_LoginTest_001.verifyLoginBtnenable()[pri:2, instance:com.Guru99_banking.testcases.TC_LoginTest_001@53ce1329]" name="verifyLoginBtnenable" class="com.Guru99_banking.testcases.TC_LoginTest_001"/>
        <method signature="TC_LoginTest_001.verifyLoginPageSpell()[pri:4, instance:com.Guru99_banking.testcases.TC_LoginTest_001@53ce1329]" name="verifyLoginPageSpell" class="com.Guru99_banking.testcases.TC_LoginTest_001"/>
        <method signature="TC_LoginTest_001.verifyLoginbtndisp()[pri:1, instance:com.Guru99_banking.testcases.TC_LoginTest_001@53ce1329]" name="verifyLoginbtndisp" class="com.Guru99_banking.testcases.TC_LoginTest_001"/>
        <method signature="TC_LoginTest_001.verifyloginfunctionality(java.lang.String,java.lang.String)[pri:3, instance:com.Guru99_banking.testcases.TC_LoginTest_001@53ce1329]" name="verifyloginfunctionality" class="com.Guru99_banking.testcases.TC_LoginTest_001"/>
      </group> <!-- Regression -->
      <group name="Smoke">
        <method signature="TC_LoginTest_001.verifyLoginBtnenable()[pri:2, instance:com.Guru99_banking.testcases.TC_LoginTest_001@53ce1329]" name="verifyLoginBtnenable" class="com.Guru99_banking.testcases.TC_LoginTest_001"/>
        <method signature="TC_LoginTest_001.verifyloginfunctionality(java.lang.String,java.lang.String)[pri:3, instance:com.Guru99_banking.testcases.TC_LoginTest_001@53ce1329]" name="verifyloginfunctionality" class="com.Guru99_banking.testcases.TC_LoginTest_001"/>
      </group> <!-- Smoke -->
    </groups>
    <test started-at="2022-11-23T15:50:56 IST" name="Test" finished-at="2022-11-23T15:53:18 IST" duration-ms="141712">
      <class name="com.Guru99_banking.testcases.TC_LoginTest_001">
        <test-method is-config="true" signature="setupReport()[pri:0, instance:com.Guru99_banking.testcases.TC_LoginTest_001@53ce1329]" started-at="2022-11-23T15:50:56 IST" name="setupReport" finished-at="2022-11-23T15:50:56 IST" duration-ms="446" status="PASS">
          <reporter-output>
          </reporter-output>
        </test-method> <!-- setupReport -->
        <test-method is-config="true" signature="setupBrowser(java.lang.String)[pri:0, instance:com.Guru99_banking.testcases.TC_LoginTest_001@53ce1329]" started-at="2022-11-23T15:50:56 IST" name="setupBrowser" finished-at="2022-11-23T15:51:10 IST" duration-ms="13875" status="PASS">
          <params>
            <param index="0">
              <value>
                <![CDATA[chrome]]>
              </value>
            </param>
          </params>
          <reporter-output>
          </reporter-output>
        </test-method> <!-- setupBrowser -->
        <test-method signature="verifyLoginbtndisp()[pri:1, instance:com.Guru99_banking.testcases.TC_LoginTest_001@53ce1329]" started-at="2022-11-23T15:51:10 IST" name="verifyLoginbtndisp" finished-at="2022-11-23T15:51:10 IST" duration-ms="278" status="PASS">
          <reporter-output>
          </reporter-output>
        </test-method> <!-- verifyLoginbtndisp -->
        <test-method is-config="true" signature="teardownBrowser()[pri:0, instance:com.Guru99_banking.testcases.TC_LoginTest_001@53ce1329]" started-at="2022-11-23T15:51:10 IST" name="teardownBrowser" finished-at="2022-11-23T15:51:11 IST" duration-ms="475" status="PASS">
          <reporter-output>
          </reporter-output>
        </test-method> <!-- teardownBrowser -->
        <test-method is-config="true" signature="setupBrowser(java.lang.String)[pri:0, instance:com.Guru99_banking.testcases.TC_LoginTest_001@53ce1329]" started-at="2022-11-23T15:51:11 IST" name="setupBrowser" finished-at="2022-11-23T15:51:24 IST" duration-ms="13660" status="PASS">
          <params>
            <param index="0">
              <value>
                <![CDATA[chrome]]>
              </value>
            </param>
          </params>
          <reporter-output>
          </reporter-output>
        </test-method> <!-- setupBrowser -->
        <test-method signature="verifyLoginBtnenable()[pri:2, instance:com.Guru99_banking.testcases.TC_LoginTest_001@53ce1329]" started-at="2022-11-23T15:51:24 IST" name="verifyLoginBtnenable" finished-at="2022-11-23T15:51:29 IST" duration-ms="4136" status="PASS">
          <reporter-output>
          </reporter-output>
        </test-method> <!-- verifyLoginBtnenable -->
        <test-method is-config="true" signature="teardownBrowser()[pri:0, instance:com.Guru99_banking.testcases.TC_LoginTest_001@53ce1329]" started-at="2022-11-23T15:51:29 IST" name="teardownBrowser" finished-at="2022-11-23T15:51:29 IST" duration-ms="462" status="PASS">
          <reporter-output>
          </reporter-output>
        </test-method> <!-- teardownBrowser -->
        <test-method is-config="true" signature="setupBrowser(java.lang.String)[pri:0, instance:com.Guru99_banking.testcases.TC_LoginTest_001@53ce1329]" started-at="2022-11-23T15:51:31 IST" name="setupBrowser" finished-at="2022-11-23T15:51:40 IST" duration-ms="9314" status="PASS">
          <params>
            <param index="0">
              <value>
                <![CDATA[chrome]]>
              </value>
            </param>
          </params>
          <reporter-output>
          </reporter-output>
        </test-method> <!-- setupBrowser -->
        <test-method signature="verifyloginfunctionality(java.lang.String,java.lang.String)[pri:3, instance:com.Guru99_banking.testcases.TC_LoginTest_001@53ce1329]" started-at="2022-11-23T15:51:40 IST" name="verifyloginfunctionality" data-provider="logindata" finished-at="2022-11-23T15:51:51 IST" duration-ms="11017" status="PASS">
          <params>
            <param index="0">
              <value>
                <![CDATA[mngr454080]]>
              </value>
            </param>
            <param index="1">
              <value>
                <![CDATA[tAmynEd]]>
              </value>
            </param>
          </params>
          <reporter-output>
          </reporter-output>
        </test-method> <!-- verifyloginfunctionality -->
        <test-method is-config="true" signature="teardownBrowser()[pri:0, instance:com.Guru99_banking.testcases.TC_LoginTest_001@53ce1329]" started-at="2022-11-23T15:51:51 IST" name="teardownBrowser" finished-at="2022-11-23T15:51:51 IST" duration-ms="544" status="PASS">
          <reporter-output>
          </reporter-output>
        </test-method> <!-- teardownBrowser -->
        <test-method is-config="true" signature="setupBrowser(java.lang.String)[pri:0, instance:com.Guru99_banking.testcases.TC_LoginTest_001@53ce1329]" started-at="2022-11-23T15:51:51 IST" name="setupBrowser" finished-at="2022-11-23T15:52:03 IST" duration-ms="11711" status="PASS">
          <params>
            <param index="0">
              <value>
                <![CDATA[chrome]]>
              </value>
            </param>
          </params>
          <reporter-output>
          </reporter-output>
        </test-method> <!-- setupBrowser -->
        <test-method signature="verifyloginfunctionality(java.lang.String,java.lang.String)[pri:3, instance:com.Guru99_banking.testcases.TC_LoginTest_001@53ce1329]" started-at="2022-11-23T15:52:03 IST" name="verifyloginfunctionality" data-provider="logindata" finished-at="2022-11-23T15:52:04 IST" duration-ms="1118" status="FAIL">
          <params>
            <param index="0">
              <value>
                <![CDATA[samath264]]>
              </value>
            </param>
            <param index="1">
              <value>
                <![CDATA[mangert489]]>
              </value>
            </param>
          </params>
          <exception class="java.lang.AssertionError">
            <message>
              <![CDATA[expected [true] but found [false]]]>
            </message>
            <full-stacktrace>
              <![CDATA[java.lang.AssertionError: expected [true] but found [false]
at org.testng.Assert.fail(Assert.java:99)
at org.testng.Assert.failNotEquals(Assert.java:1037)
at org.testng.Assert.assertTrue(Assert.java:45)
at org.testng.Assert.assertTrue(Assert.java:55)
at com.Guru99_banking.testcases.TC_LoginTest_001.verifyloginfunctionality(TC_LoginTest_001.java:22)
at java.base/jdk.internal.reflect.NativeMethodAccessorImpl.invoke0(Native Method)
at java.base/jdk.internal.reflect.NativeMethodAccessorImpl.invoke(NativeMethodAccessorImpl.java:77)
at java.base/jdk.internal.reflect.DelegatingMethodAccessorImpl.invoke(DelegatingMethodAccessorImpl.java:43)
at java.base/java.lang.reflect.Method.invoke(Method.java:568)
at org.testng.internal.MethodInvocationHelper.invokeMethod(MethodInvocationHelper.java:133)
at org.testng.internal.TestInvoker.invokeMethod(TestInvoker.java:598)
at org.testng.internal.TestInvoker.invokeTestMethod(TestInvoker.java:173)
at org.testng.internal.MethodRunner.runInSequence(MethodRunner.java:46)
at org.testng.internal.TestInvoker$MethodInvocationAgent.invoke(TestInvoker.java:824)
at org.testng.internal.TestInvoker.invokeTestMethods(TestInvoker.java:146)
at org.testng.internal.TestMethodWorker.invokeTestMethods(TestMethodWorker.java:146)
at org.testng.internal.TestMethodWorker.run(TestMethodWorker.java:128)
at java.base/java.util.ArrayList.forEach(ArrayList.java:1511)
at org.testng.TestRunner.privateRun(TestRunner.java:794)
at org.testng.TestRunner.run(TestRunner.java:596)
at org.testng.SuiteRunner.runTest(SuiteRunner.java:377)
at org.testng.SuiteRunner.runSequentially(SuiteRunner.java:371)
at org.testng.SuiteRunner.privateRun(SuiteRunner.java:332)
at org.testng.SuiteRunner.run(SuiteRunner.java:276)
at org.testng.SuiteRunnerWorker.runSuite(SuiteRunnerWorker.java:53)
at org.testng.SuiteRunnerWorker.run(SuiteRunnerWorker.java:96)
at org.testng.TestNG.runSuitesSequentially(TestNG.java:1212)
at org.testng.TestNG.runSuitesLocally(TestNG.java:1134)
at org.testng.TestNG.runSuites(TestNG.java:1063)
at org.testng.TestNG.run(TestNG.java:1031)
at org.testng.remote.AbstractRemoteTestNG.run(AbstractRemoteTestNG.java:115)
at org.testng.remote.RemoteTestNG.initAndRun(RemoteTestNG.java:251)
at org.testng.remote.RemoteTestNG.main(RemoteTestNG.java:77)
]]>
            </full-stacktrace>
          </exception> <!-- java.lang.AssertionError -->
          <reporter-output>
          </reporter-output>
        </test-method> <!-- verifyloginfunctionality -->
        <test-method is-config="true" signature="teardownBrowser()[pri:0, instance:com.Guru99_banking.testcases.TC_LoginTest_001@53ce1329]" started-at="2022-11-23T15:52:05 IST" name="teardownBrowser" finished-at="2022-11-23T15:52:06 IST" duration-ms="374" status="PASS">
          <reporter-output>
          </reporter-output>
        </test-method> <!-- teardownBrowser -->
        <test-method is-config="true" signature="setupBrowser(java.lang.String)[pri:0, instance:com.Guru99_banking.testcases.TC_LoginTest_001@53ce1329]" started-at="2022-11-23T15:52:06 IST" name="setupBrowser" finished-at="2022-11-23T15:52:14 IST" duration-ms="7772" status="PASS">
          <params>
            <param index="0">
              <value>
                <![CDATA[chrome]]>
              </value>
            </param>
          </params>
          <reporter-output>
          </reporter-output>
        </test-method> <!-- setupBrowser -->
        <test-method signature="verifyloginfunctionality(java.lang.String,java.lang.String)[pri:3, instance:com.Guru99_banking.testcases.TC_LoginTest_001@53ce1329]" started-at="2022-11-23T15:52:14 IST" name="verifyloginfunctionality" data-provider="logindata" finished-at="2022-11-23T15:52:17 IST" duration-ms="3573" status="FAIL">
          <params>
            <param index="0">
              <value>
                <![CDATA[mohansai]]>
              </value>
            </param>
            <param index="1">
              <value>
                <![CDATA[mohansao]]>
              </value>
            </param>
          </params>
          <exception class="java.lang.AssertionError">
            <message>
              <![CDATA[expected [true] but found [false]]]>
            </message>
            <full-stacktrace>
              <![CDATA[java.lang.AssertionError: expected [true] but found [false]
at org.testng.Assert.fail(Assert.java:99)
at org.testng.Assert.failNotEquals(Assert.java:1037)
at org.testng.Assert.assertTrue(Assert.java:45)
at org.testng.Assert.assertTrue(Assert.java:55)
at com.Guru99_banking.testcases.TC_LoginTest_001.verifyloginfunctionality(TC_LoginTest_001.java:22)
at java.base/jdk.internal.reflect.NativeMethodAccessorImpl.invoke0(Native Method)
at java.base/jdk.internal.reflect.NativeMethodAccessorImpl.invoke(NativeMethodAccessorImpl.java:77)
at java.base/jdk.internal.reflect.DelegatingMethodAccessorImpl.invoke(DelegatingMethodAccessorImpl.java:43)
at java.base/java.lang.reflect.Method.invoke(Method.java:568)
at org.testng.internal.MethodInvocationHelper.invokeMethod(MethodInvocationHelper.java:133)
at org.testng.internal.TestInvoker.invokeMethod(TestInvoker.java:598)
at org.testng.internal.TestInvoker.invokeTestMethod(TestInvoker.java:173)
at org.testng.internal.MethodRunner.runInSequence(MethodRunner.java:46)
at org.testng.internal.TestInvoker$MethodInvocationAgent.invoke(TestInvoker.java:824)
at org.testng.internal.TestInvoker.invokeTestMethods(TestInvoker.java:146)
at org.testng.internal.TestMethodWorker.invokeTestMethods(TestMethodWorker.java:146)
at org.testng.internal.TestMethodWorker.run(TestMethodWorker.java:128)
at java.base/java.util.ArrayList.forEach(ArrayList.java:1511)
at org.testng.TestRunner.privateRun(TestRunner.java:794)
at org.testng.TestRunner.run(TestRunner.java:596)
at org.testng.SuiteRunner.runTest(SuiteRunner.java:377)
at org.testng.SuiteRunner.runSequentially(SuiteRunner.java:371)
at org.testng.SuiteRunner.privateRun(SuiteRunner.java:332)
at org.testng.SuiteRunner.run(SuiteRunner.java:276)
at org.testng.SuiteRunnerWorker.runSuite(SuiteRunnerWorker.java:53)
at org.testng.SuiteRunnerWorker.run(SuiteRunnerWorker.java:96)
at org.testng.TestNG.runSuitesSequentially(TestNG.java:1212)
at org.testng.TestNG.runSuitesLocally(TestNG.java:1134)
at org.testng.TestNG.runSuites(TestNG.java:1063)
at org.testng.TestNG.run(TestNG.java:1031)
at org.testng.remote.AbstractRemoteTestNG.run(AbstractRemoteTestNG.java:115)
at org.testng.remote.RemoteTestNG.initAndRun(RemoteTestNG.java:251)
at org.testng.remote.RemoteTestNG.main(RemoteTestNG.java:77)
]]>
            </full-stacktrace>
          </exception> <!-- java.lang.AssertionError -->
          <reporter-output>
          </reporter-output>
        </test-method> <!-- verifyloginfunctionality -->
        <test-method is-config="true" signature="teardownBrowser()[pri:0, instance:com.Guru99_banking.testcases.TC_LoginTest_001@53ce1329]" started-at="2022-11-23T15:52:17 IST" name="teardownBrowser" finished-at="2022-11-23T15:52:18 IST" duration-ms="432" status="PASS">
          <reporter-output>
          </reporter-output>
        </test-method> <!-- teardownBrowser -->
        <test-method is-config="true" signature="setupBrowser(java.lang.String)[pri:0, instance:com.Guru99_banking.testcases.TC_LoginTest_001@53ce1329]" started-at="2022-11-23T15:52:18 IST" name="setupBrowser" finished-at="2022-11-23T15:52:30 IST" duration-ms="11962" status="PASS">
          <params>
            <param index="0">
              <value>
                <![CDATA[chrome]]>
              </value>
            </param>
          </params>
          <reporter-output>
          </reporter-output>
        </test-method> <!-- setupBrowser -->
        <test-method signature="verifyloginfunctionality(java.lang.String,java.lang.String)[pri:3, instance:com.Guru99_banking.testcases.TC_LoginTest_001@53ce1329]" started-at="2022-11-23T15:52:30 IST" name="verifyloginfunctionality" data-provider="logindata" finished-at="2022-11-23T15:52:34 IST" duration-ms="3965" status="FAIL">
          <params>
            <param index="0">
              <value>
                <![CDATA[mngr454080]]>
              </value>
            </param>
            <param index="1">
              <value>
                <![CDATA[jmahfsdfo]]>
              </value>
            </param>
          </params>
          <exception class="java.lang.AssertionError">
            <message>
              <![CDATA[expected [true] but found [false]]]>
            </message>
            <full-stacktrace>
              <![CDATA[java.lang.AssertionError: expected [true] but found [false]
at org.testng.Assert.fail(Assert.java:99)
at org.testng.Assert.failNotEquals(Assert.java:1037)
at org.testng.Assert.assertTrue(Assert.java:45)
at org.testng.Assert.assertTrue(Assert.java:55)
at com.Guru99_banking.testcases.TC_LoginTest_001.verifyloginfunctionality(TC_LoginTest_001.java:22)
at java.base/jdk.internal.reflect.NativeMethodAccessorImpl.invoke0(Native Method)
at java.base/jdk.internal.reflect.NativeMethodAccessorImpl.invoke(NativeMethodAccessorImpl.java:77)
at java.base/jdk.internal.reflect.DelegatingMethodAccessorImpl.invoke(DelegatingMethodAccessorImpl.java:43)
at java.base/java.lang.reflect.Method.invoke(Method.java:568)
at org.testng.internal.MethodInvocationHelper.invokeMethod(MethodInvocationHelper.java:133)
at org.testng.internal.TestInvoker.invokeMethod(TestInvoker.java:598)
at org.testng.internal.TestInvoker.invokeTestMethod(TestInvoker.java:173)
at org.testng.internal.MethodRunner.runInSequence(MethodRunner.java:46)
at org.testng.internal.TestInvoker$MethodInvocationAgent.invoke(TestInvoker.java:824)
at org.testng.internal.TestInvoker.invokeTestMethods(TestInvoker.java:146)
at org.testng.internal.TestMethodWorker.invokeTestMethods(TestMethodWorker.java:146)
at org.testng.internal.TestMethodWorker.run(TestMethodWorker.java:128)
at java.base/java.util.ArrayList.forEach(ArrayList.java:1511)
at org.testng.TestRunner.privateRun(TestRunner.java:794)
at org.testng.TestRunner.run(TestRunner.java:596)
at org.testng.SuiteRunner.runTest(SuiteRunner.java:377)
at org.testng.SuiteRunner.runSequentially(SuiteRunner.java:371)
at org.testng.SuiteRunner.privateRun(SuiteRunner.java:332)
at org.testng.SuiteRunner.run(SuiteRunner.java:276)
at org.testng.SuiteRunnerWorker.runSuite(SuiteRunnerWorker.java:53)
at org.testng.SuiteRunnerWorker.run(SuiteRunnerWorker.java:96)
at org.testng.TestNG.runSuitesSequentially(TestNG.java:1212)
at org.testng.TestNG.runSuitesLocally(TestNG.java:1134)
at org.testng.TestNG.runSuites(TestNG.java:1063)
at org.testng.TestNG.run(TestNG.java:1031)
at org.testng.remote.AbstractRemoteTestNG.run(AbstractRemoteTestNG.java:115)
at org.testng.remote.RemoteTestNG.initAndRun(RemoteTestNG.java:251)
at org.testng.remote.RemoteTestNG.main(RemoteTestNG.java:77)
]]>
            </full-stacktrace>
          </exception> <!-- java.lang.AssertionError -->
          <reporter-output>
          </reporter-output>
        </test-method> <!-- verifyloginfunctionality -->
        <test-method is-config="true" signature="teardownBrowser()[pri:0, instance:com.Guru99_banking.testcases.TC_LoginTest_001@53ce1329]" started-at="2022-11-23T15:52:34 IST" name="teardownBrowser" finished-at="2022-11-23T15:52:34 IST" duration-ms="425" status="PASS">
          <reporter-output>
          </reporter-output>
        </test-method> <!-- teardownBrowser -->
        <test-method is-config="true" signature="setupBrowser(java.lang.String)[pri:0, instance:com.Guru99_banking.testcases.TC_LoginTest_001@53ce1329]" started-at="2022-11-23T15:52:34 IST" name="setupBrowser" finished-at="2022-11-23T15:52:46 IST" duration-ms="11388" status="PASS">
          <params>
            <param index="0">
              <value>
                <![CDATA[chrome]]>
              </value>
            </param>
          </params>
          <reporter-output>
          </reporter-output>
        </test-method> <!-- setupBrowser -->
        <test-method signature="verifyloginfunctionality(java.lang.String,java.lang.String)[pri:3, instance:com.Guru99_banking.testcases.TC_LoginTest_001@53ce1329]" started-at="2022-11-23T15:52:46 IST" name="verifyloginfunctionality" data-provider="logindata" finished-at="2022-11-23T15:52:50 IST" duration-ms="4057" status="FAIL">
          <params>
            <param index="0">
              <value>
                <![CDATA[bharath]]>
              </value>
            </param>
            <param index="1">
              <value>
                <![CDATA[tAmynEd]]>
              </value>
            </param>
          </params>
          <exception class="java.lang.AssertionError">
            <message>
              <![CDATA[expected [true] but found [false]]]>
            </message>
            <full-stacktrace>
              <![CDATA[java.lang.AssertionError: expected [true] but found [false]
at org.testng.Assert.fail(Assert.java:99)
at org.testng.Assert.failNotEquals(Assert.java:1037)
at org.testng.Assert.assertTrue(Assert.java:45)
at org.testng.Assert.assertTrue(Assert.java:55)
at com.Guru99_banking.testcases.TC_LoginTest_001.verifyloginfunctionality(TC_LoginTest_001.java:22)
at java.base/jdk.internal.reflect.NativeMethodAccessorImpl.invoke0(Native Method)
at java.base/jdk.internal.reflect.NativeMethodAccessorImpl.invoke(NativeMethodAccessorImpl.java:77)
at java.base/jdk.internal.reflect.DelegatingMethodAccessorImpl.invoke(DelegatingMethodAccessorImpl.java:43)
at java.base/java.lang.reflect.Method.invoke(Method.java:568)
at org.testng.internal.MethodInvocationHelper.invokeMethod(MethodInvocationHelper.java:133)
at org.testng.internal.TestInvoker.invokeMethod(TestInvoker.java:598)
at org.testng.internal.TestInvoker.invokeTestMethod(TestInvoker.java:173)
at org.testng.internal.MethodRunner.runInSequence(MethodRunner.java:46)
at org.testng.internal.TestInvoker$MethodInvocationAgent.invoke(TestInvoker.java:824)
at org.testng.internal.TestInvoker.invokeTestMethods(TestInvoker.java:146)
at org.testng.internal.TestMethodWorker.invokeTestMethods(TestMethodWorker.java:146)
at org.testng.internal.TestMethodWorker.run(TestMethodWorker.java:128)
at java.base/java.util.ArrayList.forEach(ArrayList.java:1511)
at org.testng.TestRunner.privateRun(TestRunner.java:794)
at org.testng.TestRunner.run(TestRunner.java:596)
at org.testng.SuiteRunner.runTest(SuiteRunner.java:377)
at org.testng.SuiteRunner.runSequentially(SuiteRunner.java:371)
at org.testng.SuiteRunner.privateRun(SuiteRunner.java:332)
at org.testng.SuiteRunner.run(SuiteRunner.java:276)
at org.testng.SuiteRunnerWorker.runSuite(SuiteRunnerWorker.java:53)
at org.testng.SuiteRunnerWorker.run(SuiteRunnerWorker.java:96)
at org.testng.TestNG.runSuitesSequentially(TestNG.java:1212)
at org.testng.TestNG.runSuitesLocally(TestNG.java:1134)
at org.testng.TestNG.runSuites(TestNG.java:1063)
at org.testng.TestNG.run(TestNG.java:1031)
at org.testng.remote.AbstractRemoteTestNG.run(AbstractRemoteTestNG.java:115)
at org.testng.remote.RemoteTestNG.initAndRun(RemoteTestNG.java:251)
at org.testng.remote.RemoteTestNG.main(RemoteTestNG.java:77)
]]>
            </full-stacktrace>
          </exception> <!-- java.lang.AssertionError -->
          <reporter-output>
          </reporter-output>
        </test-method> <!-- verifyloginfunctionality -->
        <test-method is-config="true" signature="teardownBrowser()[pri:0, instance:com.Guru99_banking.testcases.TC_LoginTest_001@53ce1329]" started-at="2022-11-23T15:52:50 IST" name="teardownBrowser" finished-at="2022-11-23T15:52:51 IST" duration-ms="518" status="PASS">
          <reporter-output>
          </reporter-output>
        </test-method> <!-- teardownBrowser -->
        <test-method is-config="true" signature="setupBrowser(java.lang.String)[pri:0, instance:com.Guru99_banking.testcases.TC_LoginTest_001@53ce1329]" started-at="2022-11-23T15:52:51 IST" name="setupBrowser" finished-at="2022-11-23T15:52:59 IST" duration-ms="8384" status="PASS">
          <params>
            <param index="0">
              <value>
                <![CDATA[chrome]]>
              </value>
            </param>
          </params>
          <reporter-output>
          </reporter-output>
        </test-method> <!-- setupBrowser -->
        <test-method signature="verifyloginfunctionality(java.lang.String,java.lang.String)[pri:3, instance:com.Guru99_banking.testcases.TC_LoginTest_001@53ce1329]" started-at="2022-11-23T15:52:59 IST" name="verifyloginfunctionality" data-provider="logindata" finished-at="2022-11-23T15:53:08 IST" duration-ms="9444" status="PASS">
          <params>
            <param index="0">
              <value>
                <![CDATA[mngr454080]]>
              </value>
            </param>
            <param index="1">
              <value>
                <![CDATA[tAmynEd]]>
              </value>
            </param>
          </params>
          <reporter-output>
          </reporter-output>
        </test-method> <!-- verifyloginfunctionality -->
        <test-method is-config="true" signature="teardownBrowser()[pri:0, instance:com.Guru99_banking.testcases.TC_LoginTest_001@53ce1329]" started-at="2022-11-23T15:53:08 IST" name="teardownBrowser" finished-at="2022-11-23T15:53:09 IST" duration-ms="360" status="PASS">
          <reporter-output>
          </reporter-output>
        </test-method> <!-- teardownBrowser -->
        <test-method is-config="true" signature="setupBrowser(java.lang.String)[pri:0, instance:com.Guru99_banking.testcases.TC_LoginTest_001@53ce1329]" started-at="2022-11-23T15:53:09 IST" name="setupBrowser" finished-at="2022-11-23T15:53:17 IST" duration-ms="8576" status="PASS">
          <params>
            <param index="0">
              <value>
                <![CDATA[chrome]]>
              </value>
            </param>
          </params>
          <reporter-output>
          </reporter-output>
        </test-method> <!-- setupBrowser -->
        <test-method signature="verifyLoginPageSpell()[pri:4, instance:com.Guru99_banking.testcases.TC_LoginTest_001@53ce1329]" started-at="2022-11-23T15:53:17 IST" name="verifyLoginPageSpell" finished-at="2022-11-23T15:53:17 IST" duration-ms="88" status="PASS">
          <reporter-output>
          </reporter-output>
        </test-method> <!-- verifyLoginPageSpell -->
        <test-method is-config="true" signature="teardownBrowser()[pri:0, instance:com.Guru99_banking.testcases.TC_LoginTest_001@53ce1329]" started-at="2022-11-23T15:53:17 IST" name="teardownBrowser" finished-at="2022-11-23T15:53:18 IST" duration-ms="336" status="PASS">
          <reporter-output>
          </reporter-output>
        </test-method> <!-- teardownBrowser -->
        <test-method is-config="true" signature="teardownReport()[pri:0, instance:com.Guru99_banking.testcases.TC_LoginTest_001@53ce1329]" started-at="2022-11-23T15:53:18 IST" name="teardownReport" finished-at="2022-11-23T15:53:19 IST" duration-ms="853" status="PASS">
          <reporter-output>
          </reporter-output>
        </test-method> <!-- teardownReport -->
      </class> <!-- com.Guru99_banking.testcases.TC_LoginTest_001 -->
    </test> <!-- Test -->
  </suite> <!-- Suite -->
</testng-results>
